[2020/02/14 19:23:28.383] - Starting server (version 2.1.2) with initial configuration: {"gasLimit":6721975,"gasPrice":20000000000,"hardfork":"petersburg","db_path":"/Users/joshuaarmah/Library/Application Support/Ganache/workspaces/sudden-chin/chaindata","default_balance_ether":100000,"hostname":"172.16.1.70","locked":false,"network_id":5777,"port":7545,"total_accounts":10,"unlocked_accounts":[],"verbose":false,"vmErrorsOnRPCResponse":true,"logDirectory":"/Users/joshuaarmah/Desktop/harmony-ethconnect/payments-dapp/logs"}
[2020/02/14 19:23:28.532] - eth_subscribe
[2020/02/14 19:23:28.533] - eth_getLogs
[2020/02/14 19:23:28.533] - eth_subscribe
[2020/02/14 19:23:28.620] - eth_getBlockByNumber
[2020/02/14 19:23:28.620] - eth_subscribe
[2020/02/14 19:23:28.644] - eth_blockNumber
[2020/02/14 19:23:28.644] - eth_accounts
[2020/02/14 19:23:28.644] - eth_gasPrice
[2020/02/14 19:23:28.664] - eth_accounts
[2020/02/14 19:23:28.691] - eth_getBalance
[2020/02/14 19:23:28.692] - eth_getTransactionCount
[2020/02/14 19:23:28.692] - eth_getBalance
[2020/02/14 19:23:28.693] - eth_getTransactionCount
[2020/02/14 19:23:28.694] - eth_getBalance
[2020/02/14 19:23:28.700] - eth_getTransactionCount
[2020/02/14 19:23:28.701] - eth_getBalance
[2020/02/14 19:23:28.703] - eth_getTransactionCount
[2020/02/14 19:23:28.706] - eth_getBalance
[2020/02/14 19:23:28.708] - eth_getTransactionCount
[2020/02/14 19:23:28.709] - eth_getBalance
[2020/02/14 19:23:28.711] - eth_getTransactionCount
[2020/02/14 19:23:28.715] - eth_getBalance
[2020/02/14 19:23:28.717] - eth_getTransactionCount
[2020/02/14 19:23:28.718] - eth_getBalance
[2020/02/14 19:23:28.726] - eth_getTransactionCount
[2020/02/14 19:23:28.727] - eth_getBalance
[2020/02/14 19:23:28.727] - eth_getTransactionCount
[2020/02/14 19:23:28.728] - eth_getBalance
[2020/02/14 19:23:28.730] - eth_getTransactionCount
[2020/02/14 19:23:28.768] - eth_getBalance
[2020/02/14 19:23:28.769] - eth_getTransactionCount
[2020/02/14 19:23:28.770] - eth_getBalance
[2020/02/14 19:23:28.771] - eth_getTransactionCount
[2020/02/14 19:23:28.774] - eth_getBalance
[2020/02/14 19:23:28.775] - eth_getTransactionCount
[2020/02/14 19:23:28.777] - eth_getBalance
[2020/02/14 19:23:28.778] - eth_getTransactionCount
[2020/02/14 19:23:28.780] - eth_getBalance
[2020/02/14 19:23:28.785] - eth_getTransactionCount
[2020/02/14 19:23:28.786] - eth_getBalance
[2020/02/14 19:23:28.787] - eth_getTransactionCount
[2020/02/14 19:23:28.794] - eth_getBalance
[2020/02/14 19:23:28.795] - eth_getTransactionCount
[2020/02/14 19:23:28.795] - eth_getBalance
[2020/02/14 19:23:28.796] - eth_getTransactionCount
[2020/02/14 19:23:28.797] - eth_getBalance
[2020/02/14 19:23:28.803] - eth_getTransactionCount
[2020/02/14 19:23:28.803] - eth_getBalance
[2020/02/14 19:23:28.804] - eth_getTransactionCount
